TN:
SF:config\db.js
FN:12,(anonymous_0)
FNF:1
FNH:0
FNDA:0,(anonymous_0)
DA:8,0
DA:9,0
DA:10,0
DA:12,0
DA:13,0
DA:14,0
DA:15,0
DA:17,0
DA:18,0
DA:22,0
LF:10
LH:0
BRF:0
BRH:0
end_of_record
TN:
SF:config\kafka.js
FN:28,getProducer
FN:41,createConsumer
FN:51,ensureTopics
FN:56,(anonymous_3)
FN:59,(anonymous_4)
FN:81,disconnectKafka
FNF:6
FNH:0
FNDA:0,getProducer
FNDA:0,createConsumer
FNDA:0,ensureTopics
FNDA:0,(anonymous_3)
FNDA:0,(anonymous_4)
FNDA:0,disconnectKafka
DA:8,0
DA:9,0
DA:12,0
DA:13,0
DA:15,0
DA:26,0
DA:29,0
DA:30,0
DA:34,0
DA:35,0
DA:37,0
DA:42,0
DA:52,0
DA:53,0
DA:54,0
DA:55,0
DA:56,0
DA:57,0
DA:58,0
DA:59,0
DA:65,0
DA:68,0
DA:73,0
DA:82,0
DA:83,0
DA:84,0
DA:85,0
DA:89,0
LF:28
LH:0
BRDA:12,0,0,0
BRDA:12,0,1,0
BRDA:13,1,0,0
BRDA:13,1,1,0
BRDA:29,2,0,0
BRDA:29,2,1,0
BRDA:57,3,0,0
BRDA:57,3,1,0
BRDA:82,4,0,0
BRDA:82,4,1,0
BRF:10
BRH:0
end_of_record
TN:
SF:config\redis.js
FN:25,createRedisConnection
FN:30,(anonymous_1)
FN:33,(anonymous_2)
FN:34,(anonymous_3)
FN:42,getRedisConnection
FN:52,disconnectRedis
FNF:6
FNH:0
FNDA:0,createRedisConnection
FNDA:0,(anonymous_1)
FNDA:0,(anonymous_2)
FNDA:0,(anonymous_3)
FNDA:0,getRedisConnection
FNDA:0,disconnectRedis
DA:17,0
DA:18,0
DA:20,0
DA:26,0
DA:30,0
DA:33,0
DA:34,0
DA:36,0
DA:40,0
DA:43,0
DA:44,0
DA:46,0
DA:53,0
DA:54,0
DA:55,0
DA:56,0
DA:60,0
LF:17
LH:0
BRDA:20,0,0,0
BRDA:20,0,1,0
BRDA:25,1,0,0
BRDA:43,2,0,0
BRDA:43,2,1,0
BRDA:53,3,0,0
BRDA:53,3,1,0
BRF:7
BRH:0
end_of_record
TN:
SF:middlewares\auth.middleware.js
FN:4,(anonymous_0)
FNF:1
FNH:1
FNDA:6,(anonymous_0)
DA:1,1
DA:2,1
DA:4,1
DA:5,6
DA:7,6
DA:8,6
DA:9,1
DA:12,6
DA:13,1
DA:16,5
DA:18,4
DA:20,4
DA:21,1
DA:24,3
DA:26,3
DA:28,1
LF:16
LH:16
BRDA:8,0,0,1
BRDA:8,0,1,5
BRDA:8,1,0,6
BRDA:8,1,1,2
BRDA:12,2,0,1
BRDA:12,2,1,5
BRDA:20,3,0,1
BRDA:20,3,1,3
BRF:8
BRH:8
end_of_record
TN:
SF:middlewares\rateLimiter.middleware.js
FNF:0
FNH:0
DA:12,0
DA:18,0
DA:33,0
DA:48,0
DA:64,0
DA:72,0
LF:6
LH:0
BRF:0
BRH:0
end_of_record
TN:
SF:middlewares\upload.middleware.js
FN:7,(anonymous_0)
FN:10,(anonymous_1)
FN:21,(anonymous_2)
FN:41,(anonymous_3)
FNF:4
FNH:0
FNDA:0,(anonymous_0)
FNDA:0,(anonymous_1)
FNDA:0,(anonymous_2)
FNDA:0,(anonymous_3)
DA:1,0
DA:3,0
DA:6,0
DA:8,0
DA:11,0
DA:16,0
DA:22,0
DA:27,0
DA:28,0
DA:30,0
DA:36,0
DA:42,0
DA:49,0
DA:50,0
DA:52,0
DA:57,0
DA:58,0
LF:17
LH:0
BRDA:27,0,0,0
BRDA:27,0,1,0
BRDA:49,1,0,0
BRDA:49,1,1,0
BRF:4
BRH:0
end_of_record
TN:
SF:modules\auth\auth.controller.js
FN:28,(anonymous_0)
FN:57,(anonymous_1)
FN:102,(anonymous_2)
FN:146,(anonymous_3)
FN:159,(anonymous_4)
FN:197,(anonymous_5)
FN:243,(anonymous_6)
FNF:7
FNH:5
FNDA:2,(anonymous_0)
FNDA:4,(anonymous_1)
FNDA:3,(anonymous_2)
FNDA:1,(anonymous_3)
FNDA:2,(anonymous_4)
FNDA:0,(anonymous_5)
FNDA:0,(anonymous_6)
DA:13,12
DA:14,12
DA:15,12
DA:16,12
DA:17,12
DA:18,12
DA:19,12
DA:20,12
DA:21,12
DA:22,12
DA:28,12
DA:29,2
DA:32,2
DA:33,2
DA:34,1
DA:37,1
DA:38,1
DA:39,1
DA:42,1
DA:48,1
DA:50,1
DA:57,12
DA:58,4
DA:64,4
DA:65,4
DA:66,1
DA:69,3
DA:70,1
DA:71,1
DA:74,2
DA:75,2
DA:76,1
DA:80,1
DA:81,1
DA:82,0
DA:86,1
DA:87,1
DA:90,1
DA:92,1
DA:102,12
DA:103,3
DA:105,3
DA:106,1
DA:109,2
DA:110,2
DA:113,1
DA:114,0
DA:119,1
DA:120,0
DA:123,1
DA:124,1
DA:126,1
DA:128,1
DA:130,1
DA:132,1
DA:146,12
DA:147,1
DA:152,1
DA:159,12
DA:160,2
DA:162,2
DA:163,1
DA:166,1
DA:167,1
DA:169,1
DA:173,0
DA:176,0
DA:178,0
DA:179,0
DA:180,0
DA:183,0
DA:185,0
DA:187,0
DA:189,0
DA:197,12
DA:198,0
DA:200,0
DA:201,0
DA:204,0
DA:205,0
DA:210,0
DA:211,0
DA:213,0
DA:216,0
DA:218,0
DA:219,0
DA:222,0
DA:223,0
DA:226,0
DA:227,0
DA:228,0
DA:231,0
DA:232,0
DA:233,0
DA:234,0
DA:236,0
DA:243,12
DA:244,0
DA:246,0
DA:247,0
DA:250,0
DA:251,0
DA:256,0
DA:257,0
DA:259,0
DA:262,0
DA:264,0
DA:265,0
DA:268,0
DA:269,0
DA:272,0
DA:273,0
DA:274,0
DA:277,0
DA:278,0
DA:279,0
DA:282,0
DA:283,0
DA:286,0
DA:287,0
DA:288,0
DA:289,0
DA:291,0
LF:123
LH:64
BRDA:33,0,0,1
BRDA:33,0,1,1
BRDA:65,1,0,1
BRDA:65,1,1,3
BRDA:69,2,0,1
BRDA:69,2,1,2
BRDA:75,3,0,1
BRDA:75,3,1,1
BRDA:81,4,0,0
BRDA:81,4,1,1
BRDA:105,5,0,1
BRDA:105,5,1,2
BRDA:105,6,0,3
BRDA:105,6,1,2
BRDA:110,7,0,1
BRDA:110,7,1,1
BRDA:113,8,0,0
BRDA:113,8,1,1
BRDA:119,9,0,0
BRDA:119,9,1,1
BRDA:124,10,0,0
BRDA:124,10,1,1
BRDA:130,11,0,0
BRDA:130,11,1,1
BRDA:130,12,0,1
BRDA:130,12,1,1
BRDA:150,13,0,0
BRDA:150,13,1,1
BRDA:162,14,0,1
BRDA:162,14,1,1
BRDA:167,15,0,1
BRDA:167,15,1,0
BRDA:200,16,0,0
BRDA:200,16,1,0
BRDA:200,17,0,0
BRDA:200,17,1,0
BRDA:200,17,2,0
BRDA:204,18,0,0
BRDA:204,18,1,0
BRDA:218,19,0,0
BRDA:218,19,1,0
BRDA:218,20,0,0
BRDA:218,20,1,0
BRDA:218,20,2,0
BRDA:222,21,0,0
BRDA:222,21,1,0
BRDA:227,22,0,0
BRDA:227,22,1,0
BRDA:246,23,0,0
BRDA:246,23,1,0
BRDA:246,24,0,0
BRDA:246,24,1,0
BRDA:246,24,2,0
BRDA:246,24,3,0
BRDA:250,25,0,0
BRDA:250,25,1,0
BRDA:264,26,0,0
BRDA:264,26,1,0
BRDA:264,27,0,0
BRDA:264,27,1,0
BRDA:264,27,2,0
BRDA:268,28,0,0
BRDA:268,28,1,0
BRDA:273,29,0,0
BRDA:273,29,1,0
BRDA:278,30,0,0
BRDA:278,30,1,0
BRDA:282,31,0,0
BRDA:282,31,1,0
BRF:69
BRH:25
end_of_record
TN:
SF:modules\auth\auth.routes.js
FNF:0
FNH:0
DA:1,0
DA:2,0
DA:3,0
DA:4,0
DA:5,0
DA:7,0
DA:13,0
DA:20,0
DA:21,0
DA:22,0
DA:23,0
DA:26,0
DA:27,0
DA:28,0
DA:30,0
LF:15
LH:0
BRF:0
BRH:0
end_of_record
TN:
SF:modules\auth\google.controller.js
FN:20,(anonymous_0)
FN:45,(anonymous_1)
FNF:2
FNH:0
FNDA:0,(anonymous_0)
FNDA:0,(anonymous_1)
DA:3,0
DA:4,0
DA:5,0
DA:9,0
DA:10,0
DA:12,0
DA:20,0
DA:21,0
DA:22,0
DA:24,0
DA:28,0
DA:35,0
DA:37,0
DA:38,0
DA:45,0
DA:46,0
DA:47,0
DA:48,0
DA:50,0
DA:51,0
DA:55,0
DA:56,0
DA:58,0
DA:61,0
DA:63,0
DA:66,0
DA:68,0
DA:70,0
DA:73,0
DA:77,0
DA:80,0
DA:82,0
DA:84,0
DA:85,0
DA:86,0
DA:89,0
DA:92,0
DA:99,0
DA:100,0
DA:102,0
DA:106,0
DA:108,0
DA:109,0
DA:113,0
DA:122,0
DA:135,0
DA:137,0
DA:138,0
LF:48
LH:0
BRDA:46,0,0,0
BRDA:46,0,1,0
BRDA:50,1,0,0
BRDA:50,1,1,0
BRDA:50,2,0,0
BRDA:50,2,1,0
BRDA:82,3,0,0
BRDA:82,3,1,0
BRDA:85,4,0,0
BRDA:85,4,1,0
BRDA:86,5,0,0
BRDA:86,5,1,0
BRDA:108,6,0,0
BRDA:108,6,1,0
BRDA:128,7,0,0
BRDA:128,7,1,0
BRF:16
BRH:0
end_of_record
TN:
SF:modules\auth\google.routes.js
FNF:0
FNH:0
DA:1,0
DA:2,0
DA:3,0
DA:4,0
DA:6,0
DA:7,0
DA:9,0
LF:7
LH:0
BRF:0
BRH:0
end_of_record
TN:
SF:modules\auth\pendingVerification.model.js
FNF:0
FNH:0
DA:1,0
DA:4,0
DA:24,0
DA:26,0
LF:4
LH:0
BRF:0
BRH:0
end_of_record
TN:
SF:modules\auth\socialAuth.controller.js
FN:17,(anonymous_0)
FN:43,(anonymous_1)
FN:114,(anonymous_2)
FN:132,(anonymous_3)
FNF:4
FNH:0
FNDA:0,(anonymous_0)
FNDA:0,(anonymous_1)
FNDA:0,(anonymous_2)
FNDA:0,(anonymous_3)
DA:1,0
DA:2,0
DA:3,0
DA:4,0
DA:5,0
DA:10,0
DA:11,0
DA:14,0
DA:17,0
DA:18,0
DA:19,0
DA:23,0
DA:27,0
DA:34,0
DA:36,0
DA:37,0
DA:43,0
DA:44,0
DA:45,0
DA:47,0
DA:48,0
DA:52,0
DA:53,0
DA:54,0
DA:56,0
DA:59,0
DA:64,0
DA:65,0
DA:68,0
DA:69,0
DA:72,0
DA:73,0
DA:77,0
DA:79,0
DA:81,0
DA:83,0
DA:85,0
DA:86,0
DA:87,0
DA:90,0
DA:99,0
DA:100,0
DA:103,0
DA:107,0
DA:108,0
DA:114,0
DA:115,0
DA:116,0
DA:122,0
DA:123,0
DA:125,0
DA:126,0
DA:132,0
DA:133,0
DA:134,0
DA:136,0
DA:137,0
DA:141,0
DA:142,0
DA:143,0
DA:145,0
DA:149,0
DA:152,0
DA:155,0
DA:157,0
DA:158,0
DA:162,0
DA:164,0
DA:166,0
DA:168,0
DA:170,0
DA:171,0
DA:172,0
DA:175,0
DA:184,0
DA:185,0
DA:187,0
DA:191,0
DA:192,0
LF:79
LH:0
BRDA:47,0,0,0
BRDA:47,0,1,0
BRDA:47,1,0,0
BRDA:47,1,1,0
BRDA:54,2,0,0
BRDA:54,2,1,0
BRDA:72,3,0,0
BRDA:72,3,1,0
BRDA:79,4,0,0
BRDA:79,4,1,0
BRDA:83,5,0,0
BRDA:83,5,1,0
BRDA:136,6,0,0
BRDA:136,6,1,0
BRDA:136,7,0,0
BRDA:136,7,1,0
BRDA:143,8,0,0
BRDA:143,8,1,0
BRDA:155,9,0,0
BRDA:155,9,1,0
BRDA:157,10,0,0
BRDA:157,10,1,0
BRDA:164,11,0,0
BRDA:164,11,1,0
BRDA:168,12,0,0
BRDA:168,12,1,0
BRF:26
BRH:0
end_of_record
TN:
SF:modules\auth\socialAuth.routes.js
FNF:0
FNH:0
DA:1,0
DA:2,0
DA:3,0
DA:6,0
DA:7,0
DA:10,0
DA:11,0
DA:13,0
LF:8
LH:0
BRF:0
BRH:0
end_of_record
TN:
SF:modules\connectedAccount\connectedAccount.controller.js
FN:12,(anonymous_0)
FN:27,(anonymous_1)
FNF:2
FNH:0
FNDA:0,(anonymous_0)
FNDA:0,(anonymous_1)
DA:8,0
DA:9,0
DA:12,0
DA:13,0
DA:14,0
DA:19,0
DA:21,0
DA:22,0
DA:27,0
DA:28,0
DA:29,0
DA:34,0
DA:35,0
DA:38,0
DA:40,0
DA:41,0
LF:16
LH:0
BRDA:34,0,0,0
BRDA:34,0,1,0
BRF:2
BRH:0
end_of_record
TN:
SF:modules\connectedAccount\connectedAccount.model.js
FN:103,(anonymous_0)
FN:119,(anonymous_1)
FNF:2
FNH:0
FNDA:0,(anonymous_0)
FNDA:0,(anonymous_1)
DA:11,0
DA:12,0
DA:14,0
DA:88,0
DA:97,0
DA:103,0
DA:105,0
DA:106,0
DA:108,0
DA:109,0
DA:111,0
DA:112,0
DA:119,0
DA:120,0
DA:121,0
DA:123,0
DA:124,0
DA:128,0
LF:18
LH:0
BRDA:105,0,0,0
BRDA:105,0,1,0
BRDA:105,1,0,0
BRDA:105,1,1,0
BRDA:105,1,2,0
BRDA:108,2,0,0
BRDA:108,2,1,0
BRDA:108,3,0,0
BRDA:108,3,1,0
BRDA:108,3,2,0
BRDA:120,4,0,0
BRDA:120,4,1,0
BRDA:120,5,0,0
BRDA:120,5,1,0
BRDA:123,6,0,0
BRDA:123,6,1,0
BRDA:123,7,0,0
BRDA:123,7,1,0
BRF:18
BRH:0
end_of_record
TN:
SF:modules\connectedAccount\connectedAccount.routes.js
FNF:0
FNH:0
DA:1,0
DA:2,0
DA:3,0
DA:4,0
DA:5,0
DA:7,0
DA:8,0
DA:9,0
DA:11,0
LF:9
LH:0
BRF:0
BRH:0
end_of_record
TN:
SF:modules\connectedAccount\sync.controller.js
FN:18,(anonymous_0)
FN:101,syncRecentMessages
FN:133,processMessage
FN:141,(anonymous_3)
FN:142,(anonymous_4)
FNF:5
FNH:0
FNDA:0,(anonymous_0)
FNDA:0,syncRecentMessages
FNDA:0,processMessage
FNDA:0,(anonymous_3)
FNDA:0,(anonymous_4)
DA:7,0
DA:8,0
DA:9,0
DA:10,0
DA:11,0
DA:18,0
DA:19,0
DA:20,0
DA:26,0
DA:27,0
DA:30,0
DA:32,0
DA:33,0
DA:35,0
DA:36,0
DA:39,0
DA:41,0
DA:42,0
DA:48,0
DA:49,0
DA:50,0
DA:51,0
DA:52,0
DA:53,0
DA:54,0
DA:55,0
DA:56,0
DA:62,0
DA:63,0
DA:64,0
DA:68,0
DA:69,0
DA:70,0
DA:71,0
DA:72,0
DA:74,0
DA:79,0
DA:80,0
DA:81,0
DA:84,0
DA:86,0
DA:93,0
DA:94,0
DA:102,0
DA:103,0
DA:105,0
DA:111,0
DA:112,0
DA:115,0
DA:116,0
DA:117,0
DA:118,0
DA:122,0
DA:123,0
DA:124,0
DA:126,0
DA:134,0
DA:135,0
DA:140,0
DA:141,0
DA:142,0
DA:143,0
DA:144,0
DA:147,0
DA:159,0
DA:160,0
DA:163,0
DA:164,0
LF:68
LH:0
BRDA:26,0,0,0
BRDA:26,0,1,0
BRDA:39,1,0,0
BRDA:39,1,1,0
BRDA:48,2,0,0
BRDA:48,2,1,0
BRDA:50,3,0,0
BRDA:50,3,1,0
BRDA:53,4,0,0
BRDA:53,4,1,0
BRDA:53,5,0,0
BRDA:53,5,1,0
BRDA:55,6,0,0
BRDA:55,6,1,0
BRDA:62,7,0,0
BRDA:62,7,1,0
BRDA:68,8,0,0
BRDA:68,8,1,0
BRDA:68,9,0,0
BRDA:68,9,1,0
BRDA:94,10,0,0
BRDA:94,10,1,0
BRDA:111,11,0,0
BRDA:111,11,1,0
BRDA:117,12,0,0
BRDA:117,12,1,0
BRDA:141,13,0,0
BRDA:141,13,1,0
BRDA:142,14,0,0
BRDA:142,14,1,0
BRDA:143,15,0,0
BRDA:143,15,1,0
BRF:32
BRH:0
end_of_record
TN:
SF:modules\email\confirmed.model.js
FNF:0
FNH:0
DA:1,1
DA:4,1
DA:60,1
DA:61,1
DA:62,1
DA:64,1
LF:6
LH:6
BRF:0
BRH:0
end_of_record
TN:
SF:modules\email\email.controller.js
FN:27,(anonymous_0)
FN:37,decryptEmail
FN:46,(anonymous_2)
FN:55,parsePagination
FN:71,getEmailsByStage
FN:75,(anonymous_5)
FN:89,(anonymous_6)
FN:105,(anonymous_7)
FN:130,(anonymous_8)
FN:138,(anonymous_9)
FN:150,(anonymous_10)
FN:152,(anonymous_11)
FN:156,(anonymous_12)
FN:161,(anonymous_13)
FN:161,(anonymous_14)
FN:167,(anonymous_15)
FN:184,(anonymous_16)
FNF:17
FNH:8
FNDA:4,(anonymous_0)
FNDA:2,decryptEmail
FNDA:2,(anonymous_2)
FNDA:5,parsePagination
FNDA:4,getEmailsByStage
FNDA:5,(anonymous_5)
FNDA:2,(anonymous_6)
FNDA:0,(anonymous_7)
FNDA:0,(anonymous_8)
FNDA:0,(anonymous_9)
FNDA:0,(anonymous_10)
FNDA:0,(anonymous_11)
FNDA:0,(anonymous_12)
FNDA:0,(anonymous_13)
FNDA:0,(anonymous_14)
FNDA:0,(anonymous_15)
FNDA:3,(anonymous_16)
DA:9,1
DA:10,1
DA:11,1
DA:12,1
DA:13,1
DA:14,1
DA:15,1
DA:16,1
DA:17,1
DA:20,1
DA:27,4
DA:38,2
DA:46,2
DA:56,5
DA:57,5
DA:58,5
DA:59,5
DA:72,4
DA:73,4
DA:75,4
DA:76,5
DA:78,5
DA:87,5
DA:89,2
DA:105,1
DA:106,0
DA:107,0
DA:109,0
DA:112,0
DA:127,0
DA:129,0
DA:130,0
DA:138,0
DA:141,0
DA:147,0
DA:149,0
DA:150,0
DA:152,0
DA:155,0
DA:157,0
DA:161,0
DA:165,0
DA:167,0
DA:169,0
DA:171,0
DA:178,1
DA:179,1
DA:180,1
DA:181,1
DA:184,1
DA:185,3
DA:187,3
DA:188,3
DA:189,1
DA:193,2
DA:194,2
DA:195,1
DA:199,1
DA:202,1
DA:204,1
DA:205,1
LF:61
LH:41
BRDA:45,0,0,2
BRDA:45,0,1,0
BRDA:46,1,0,2
BRDA:46,1,1,0
BRDA:56,2,0,5
BRDA:56,2,1,2
BRDA:57,3,0,5
BRDA:57,3,1,2
BRDA:73,4,0,0
BRDA:73,4,1,4
BRDA:129,5,0,0
BRDA:129,5,1,0
BRDA:137,6,0,0
BRDA:137,6,1,0
BRDA:138,7,0,0
BRDA:138,7,1,0
BRDA:188,8,0,1
BRDA:188,8,1,2
BRDA:194,9,0,1
BRDA:194,9,1,1
BRF:20
BRH:11
end_of_record
TN:
SF:modules\email\email.routes.js
FNF:0
FNH:0
DA:1,0
DA:2,0
DA:3,0
DA:4,0
DA:6,0
DA:7,0
DA:8,0
DA:9,0
DA:10,0
DA:11,0
DA:13,0
LF:11
LH:0
BRF:0
BRH:0
end_of_record
TN:
SF:modules\email\inprogress.model.js
FNF:0
FNH:0
DA:1,1
DA:4,1
DA:62,1
DA:63,1
DA:64,1
DA:66,1
LF:6
LH:6
BRF:0
BRH:0
end_of_record
TN:
SF:modules\email\registered.model.js
FNF:0
FNH:0
DA:1,1
DA:4,1
DA:60,1
DA:61,1
DA:62,1
DA:64,1
LF:6
LH:6
BRF:0
BRH:0
end_of_record
TN:
SF:modules\email\registration.model.js
FNF:0
FNH:0
DA:1,1
DA:4,1
DA:62,1
DA:63,1
DA:64,1
DA:66,1
LF:6
LH:6
BRF:0
BRH:0
end_of_record
TN:
SF:modules\failedMessage\failedMessage.model.js
FNF:0
FNH:0
DA:8,0
DA:10,0
DA:64,0
DA:69,0
LF:4
LH:0
BRF:0
BRH:0
end_of_record
TN:
SF:modules\job\job.proxy.js
FN:19,(anonymous_0)
FN:36,(anonymous_1)
FN:51,(anonymous_2)
FNF:3
FNH:0
FNDA:0,(anonymous_0)
FNDA:0,(anonymous_1)
FNDA:0,(anonymous_2)
DA:11,0
DA:12,0
DA:13,0
DA:15,0
DA:16,0
DA:19,0
DA:20,0
DA:21,0
DA:24,0
DA:26,0
DA:27,0
DA:28,0
DA:30,0
DA:36,0
DA:37,0
DA:38,0
DA:39,0
DA:41,0
DA:42,0
DA:43,0
DA:45,0
DA:51,0
DA:52,0
DA:53,0
DA:54,0
DA:56,0
DA:57,0
DA:58,0
DA:60,0
DA:65,0
LF:30
LH:0
BRDA:16,0,0,0
BRDA:16,0,1,0
BRDA:27,1,0,0
BRDA:27,1,1,0
BRDA:42,2,0,0
BRDA:42,2,1,0
BRDA:57,3,0,0
BRDA:57,3,1,0
BRF:8
BRH:0
end_of_record
TN:
SF:modules\reminder\reminder.model.js
FNF:0
FNH:0
DA:1,1
DA:10,1
DA:87,1
DA:90,1
DA:95,1
LF:5
LH:5
BRF:0
BRH:0
end_of_record
TN:
SF:modules\user\user.controller.js
FN:27,(anonymous_0)
FN:69,(anonymous_1)
FN:98,(anonymous_2)
FN:131,(anonymous_3)
FN:156,(anonymous_4)
FN:202,(anonymous_5)
FN:244,(anonymous_6)
FN:326,(anonymous_7)
FN:360,(anonymous_8)
FN:374,(anonymous_9)
FN:431,(anonymous_10)
FNF:11
FNH:0
FNDA:0,(anonymous_0)
FNDA:0,(anonymous_1)
FNDA:0,(anonymous_2)
FNDA:0,(anonymous_3)
FNDA:0,(anonymous_4)
FNDA:0,(anonymous_5)
FNDA:0,(anonymous_6)
FNDA:0,(anonymous_7)
FNDA:0,(anonymous_8)
FNDA:0,(anonymous_9)
FNDA:0,(anonymous_10)
DA:12,0
DA:13,0
DA:14,0
DA:15,0
DA:16,0
DA:17,0
DA:18,0
DA:19,0
DA:20,0
DA:21,0
DA:22,0
DA:23,0
DA:27,0
DA:28,0
DA:29,0
DA:31,0
DA:32,0
DA:35,0
DA:69,0
DA:70,0
DA:71,0
DA:72,0
DA:74,0
DA:75,0
DA:76,0
DA:77,0
DA:79,0
DA:80,0
DA:81,0
DA:84,0
DA:85,0
DA:86,0
DA:87,0
DA:89,0
DA:92,0
DA:93,0
DA:98,0
DA:103,0
DA:105,0
DA:106,0
DA:108,0
DA:109,0
DA:110,0
DA:111,0
DA:112,0
DA:113,0
DA:114,0
DA:115,0
DA:117,0
DA:118,0
DA:125,0
DA:126,0
DA:131,0
DA:132,0
DA:133,0
DA:135,0
DA:141,0
DA:142,0
DA:145,0
DA:146,0
DA:148,0
DA:149,0
DA:151,0
DA:156,0
DA:157,0
DA:158,0
DA:161,0
DA:162,0
DA:165,0
DA:166,0
DA:167,0
DA:169,0
DA:173,0
DA:175,0
DA:184,0
DA:186,0
DA:187,0
DA:188,0
DA:190,0
DA:191,0
DA:193,0
DA:194,0
DA:196,0
DA:202,0
DA:203,0
DA:204,0
DA:207,0
DA:208,0
DA:209,0
DA:212,0
DA:213,0
DA:214,0
DA:216,0
DA:222,0
DA:223,0
DA:224,0
DA:226,0
DA:227,0
DA:231,0
DA:232,0
DA:233,0
DA:235,0
DA:237,0
DA:243,0
DA:244,0
DA:246,0
DA:247,0
DA:248,0
DA:249,0
DA:250,0
DA:251,0
DA:254,0
DA:256,0
DA:264,0
DA:267,0
DA:268,0
DA:269,0
DA:272,0
DA:273,0
DA:275,0
DA:276,0
DA:278,0
DA:279,0
DA:281,0
DA:282,0
DA:284,0
DA:285,0
DA:287,0
DA:288,0
DA:290,0
DA:291,0
DA:293,0
DA:294,0
DA:297,0
DA:299,0
DA:301,0
DA:317,0
DA:318,0
DA:320,0
DA:326,0
DA:327,0
DA:329,0
DA:330,0
DA:333,0
DA:334,0
DA:337,0
DA:338,0
DA:341,0
DA:342,0
DA:344,0
DA:345,0
DA:348,0
DA:349,0
DA:350,0
DA:353,0
DA:354,0
DA:356,0
DA:360,0
DA:361,0
DA:362,0
DA:364,0
DA:365,0
DA:366,0
DA:368,0
DA:369,0
DA:374,0
DA:375,0
DA:377,0
DA:378,0
DA:381,0
DA:382,0
DA:385,0
DA:386,0
DA:390,0
DA:391,0
DA:395,0
DA:396,0
DA:398,0
DA:399,0
DA:400,0
DA:401,0
DA:402,0
DA:403,0
DA:404,0
DA:406,0
DA:407,0
DA:409,0
DA:413,0
DA:414,0
DA:416,0
DA:417,0
DA:422,0
DA:423,0
DA:426,0
DA:431,0
DA:432,0
DA:434,0
DA:435,0
DA:438,0
DA:439,0
DA:441,0
DA:442,0
DA:445,0
DA:446,0
DA:449,0
DA:450,0
DA:451,0
DA:454,0
DA:455,0
DA:456,0
DA:457,0
DA:459,0
LF:212
LH:0
BRDA:29,0,0,0
BRDA:29,0,1,0
BRDA:31,1,0,0
BRDA:31,1,1,0
BRDA:31,2,0,0
BRDA:31,2,1,0
BRDA:32,3,0,0
BRDA:32,3,1,0
BRDA:32,4,0,0
BRDA:32,4,1,0
BRDA:44,5,0,0
BRDA:44,5,1,0
BRDA:45,6,0,0
BRDA:45,6,1,0
BRDA:46,7,0,0
BRDA:46,7,1,0
BRDA:47,8,0,0
BRDA:47,8,1,0
BRDA:49,9,0,0
BRDA:49,9,1,0
BRDA:53,10,0,0
BRDA:53,10,1,0
BRDA:54,11,0,0
BRDA:54,11,1,0
BRDA:55,12,0,0
BRDA:55,12,1,0
BRDA:56,13,0,0
BRDA:56,13,1,0
BRDA:57,14,0,0
BRDA:57,14,1,0
BRDA:58,15,0,0
BRDA:58,15,1,0
BRDA:59,16,0,0
BRDA:59,16,1,0
BRDA:60,17,0,0
BRDA:60,17,1,0
BRDA:61,18,0,0
BRDA:61,18,1,0
BRDA:72,19,0,0
BRDA:72,19,1,0
BRDA:74,20,0,0
BRDA:74,20,1,0
BRDA:76,21,0,0
BRDA:76,21,1,0
BRDA:77,22,0,0
BRDA:77,22,1,0
BRDA:79,23,0,0
BRDA:79,23,1,0
BRDA:80,24,0,0
BRDA:80,24,1,0
BRDA:81,25,0,0
BRDA:81,25,1,0
BRDA:84,26,0,0
BRDA:84,26,1,0
BRDA:84,27,0,0
BRDA:84,27,1,0
BRDA:86,28,0,0
BRDA:86,28,1,0
BRDA:106,29,0,0
BRDA:106,29,1,0
BRDA:108,30,0,0
BRDA:108,30,1,0
BRDA:109,31,0,0
BRDA:109,31,1,0
BRDA:110,32,0,0
BRDA:110,32,1,0
BRDA:111,33,0,0
BRDA:111,33,1,0
BRDA:112,34,0,0
BRDA:112,34,1,0
BRDA:113,35,0,0
BRDA:113,35,1,0
BRDA:114,36,0,0
BRDA:114,36,1,0
BRDA:115,37,0,0
BRDA:115,37,1,0
BRDA:117,38,0,0
BRDA:117,38,1,0
BRDA:119,39,0,0
BRDA:119,39,1,0
BRDA:120,40,0,0
BRDA:120,40,1,0
BRDA:121,41,0,0
BRDA:121,41,1,0
BRDA:141,42,0,0
BRDA:141,42,1,0
BRDA:146,43,0,0
BRDA:146,43,1,0
BRDA:157,44,0,0
BRDA:157,44,1,0
BRDA:162,45,0,0
BRDA:162,45,1,0
BRDA:165,46,0,0
BRDA:165,46,1,0
BRDA:193,47,0,0
BRDA:193,47,1,0
BRDA:193,48,0,0
BRDA:193,48,1,0
BRDA:193,48,2,0
BRDA:203,49,0,0
BRDA:203,49,1,0
BRDA:209,50,0,0
BRDA:209,50,1,0
BRDA:212,51,0,0
BRDA:212,51,1,0
BRDA:222,52,0,0
BRDA:222,52,1,0
BRDA:247,53,0,0
BRDA:247,53,1,0
BRDA:247,54,0,0
BRDA:247,54,1,0
BRDA:248,55,0,0
BRDA:248,55,1,0
BRDA:248,56,0,0
BRDA:248,56,1,0
BRDA:249,57,0,0
BRDA:249,57,1,0
BRDA:249,58,0,0
BRDA:249,58,1,0
BRDA:250,59,0,0
BRDA:250,59,1,0
BRDA:250,60,0,0
BRDA:250,60,1,0
BRDA:269,61,0,0
BRDA:269,61,1,0
BRDA:272,62,0,0
BRDA:272,62,1,0
BRDA:272,63,0,0
BRDA:272,63,1,0
BRDA:275,64,0,0
BRDA:275,64,1,0
BRDA:275,65,0,0
BRDA:275,65,1,0
BRDA:278,66,0,0
BRDA:278,66,1,0
BRDA:278,67,0,0
BRDA:278,67,1,0
BRDA:281,68,0,0
BRDA:281,68,1,0
BRDA:281,69,0,0
BRDA:281,69,1,0
BRDA:284,70,0,0
BRDA:284,70,1,0
BRDA:284,71,0,0
BRDA:284,71,1,0
BRDA:284,71,2,0
BRDA:287,72,0,0
BRDA:287,72,1,0
BRDA:287,73,0,0
BRDA:287,73,1,0
BRDA:287,73,2,0
BRDA:290,74,0,0
BRDA:290,74,1,0
BRDA:290,75,0,0
BRDA:290,75,1,0
BRDA:290,75,2,0
BRDA:293,76,0,0
BRDA:293,76,1,0
BRDA:293,77,0,0
BRDA:293,77,1,0
BRDA:293,77,2,0
BRDA:317,78,0,0
BRDA:317,78,1,0
BRDA:317,79,0,0
BRDA:317,79,1,0
BRDA:317,79,2,0
BRDA:329,80,0,0
BRDA:329,80,1,0
BRDA:329,81,0,0
BRDA:329,81,1,0
BRDA:329,81,2,0
BRDA:333,82,0,0
BRDA:333,82,1,0
BRDA:337,83,0,0
BRDA:337,83,1,0
BRDA:342,84,0,0
BRDA:342,84,1,0
BRDA:344,85,0,0
BRDA:344,85,1,0
BRDA:349,86,0,0
BRDA:349,86,1,0
BRDA:364,87,0,0
BRDA:364,87,1,0
BRDA:365,88,0,0
BRDA:365,88,1,0
BRDA:366,89,0,0
BRDA:366,89,1,0
BRDA:377,90,0,0
BRDA:377,90,1,0
BRDA:377,91,0,0
BRDA:377,91,1,0
BRDA:382,92,0,0
BRDA:382,92,1,0
BRDA:390,93,0,0
BRDA:390,93,1,0
BRDA:406,94,0,0
BRDA:406,94,1,0
BRDA:413,95,0,0
BRDA:413,95,1,0
BRDA:434,96,0,0
BRDA:434,96,1,0
BRDA:439,97,0,0
BRDA:439,97,1,0
BRDA:441,98,0,0
BRDA:441,98,1,0
BRDA:441,99,0,0
BRDA:441,99,1,0
BRDA:445,100,0,0
BRDA:445,100,1,0
BRDA:450,101,0,0
BRDA:450,101,1,0
BRF:211
BRH:0
end_of_record
TN:
SF:modules\user\user.model.js
FN:127,(anonymous_0)
FNF:1
FNH:0
FNDA:0,(anonymous_0)
DA:1,0
DA:5,0
DA:11,0
DA:18,0
DA:24,0
DA:32,0
DA:127,0
DA:157,0
LF:8
LH:0
BRF:0
BRH:0
end_of_record
TN:
SF:modules\user\user.routes.js
FNF:0
FNH:0
DA:1,0
DA:2,0
DA:3,0
DA:4,0
DA:5,0
DA:6,0
DA:7,0
DA:10,0
DA:11,0
DA:12,0
DA:13,0
DA:14,0
DA:17,0
DA:18,0
DA:21,0
DA:22,0
DA:25,0
DA:27,0
LF:18
LH:0
BRF:0
BRH:0
end_of_record
TN:
SF:services\emailAI.service.js
FN:22,(anonymous_0)
FN:23,(anonymous_1)
FN:75,(anonymous_2)
FNF:3
FNH:0
FNDA:0,(anonymous_0)
FNDA:0,(anonymous_1)
FNDA:0,(anonymous_2)
DA:8,0
DA:9,0
DA:10,0
DA:12,0
DA:15,0
DA:22,0
DA:23,0
DA:24,0
DA:29,0
DA:30,0
DA:32,0
DA:68,0
DA:70,0
DA:75,0
LF:14
LH:0
BRF:0
BRH:0
end_of_record
TN:
SF:services\gemini.service.js
FN:17,(anonymous_0)
FNF:1
FNH:0
FNDA:0,(anonymous_0)
DA:11,0
DA:12,0
DA:15,0
DA:17,0
DA:18,0
DA:19,0
DA:24,0
DA:51,0
DA:52,0
DA:53,0
DA:55,0
DA:58,0
DA:59,0
LF:13
LH:0
BRF:0
BRH:0
end_of_record
TN:
SF:services\google.service.js
FN:9,(anonymous_0)
FN:20,(anonymous_1)
FN:31,(anonymous_2)
FNF:3
FNH:0
FNDA:0,(anonymous_0)
FNDA:0,(anonymous_1)
FNDA:0,(anonymous_2)
DA:3,0
DA:9,0
DA:10,0
DA:20,0
DA:21,0
DA:31,0
DA:32,0
DA:34,0
DA:40,0
DA:41,0
DA:43,0
DA:45,0
DA:46,0
DA:49,0
DA:52,0
LF:15
LH:0
BRDA:13,0,0,0
BRDA:13,0,1,0
BRDA:40,1,0,0
BRDA:40,1,1,0
BRDA:40,2,0,0
BRDA:40,2,1,0
BRDA:45,3,0,0
BRDA:45,3,1,0
BRF:8
BRH:0
end_of_record
TN:
SF:services\microsoft.service.js
FN:20,(anonymous_0)
FN:35,(anonymous_1)
FN:54,(anonymous_2)
FNF:3
FNH:0
FNDA:0,(anonymous_0)
FNDA:0,(anonymous_1)
FNDA:0,(anonymous_2)
DA:12,0
DA:14,0
DA:15,0
DA:20,0
DA:21,0
DA:29,0
DA:35,0
DA:36,0
DA:44,0
DA:48,0
DA:54,0
DA:55,0
DA:59,0
LF:13
LH:0
BRF:0
BRH:0
end_of_record
TN:
SF:services\otp.email.service.js
FN:12,(anonymous_0)
FN:31,(anonymous_1)
FN:53,(anonymous_2)
FNF:3
FNH:0
FNDA:0,(anonymous_0)
FNDA:0,(anonymous_1)
FNDA:0,(anonymous_2)
DA:1,0
DA:3,0
DA:12,0
DA:13,0
DA:31,0
DA:32,0
DA:53,0
DA:54,0
LF:8
LH:0
BRF:0
BRH:0
end_of_record
TN:
SF:services\reminderCreator.service.js
FN:38,createReminders
FNF:1
FNH:1
FNDA:10,createReminders
DA:19,9
DA:20,9
DA:21,9
DA:23,9
DA:24,9
DA:47,10
DA:48,10
DA:49,10
DA:52,10
DA:53,2
DA:54,2
DA:57,8
DA:58,8
DA:60,8
DA:70,8
DA:76,6
DA:83,6
DA:84,6
DA:85,6
DA:93,6
DA:94,6
DA:95,6
DA:107,2
DA:108,2
DA:115,2
DA:116,2
DA:117,2
DA:125,2
DA:126,2
DA:127,2
DA:135,2
DA:136,2
DA:137,2
DA:147,8
DA:148,8
DA:149,26
DA:150,26
DA:151,13
DA:156,13
DA:157,13
DA:162,0
DA:169,13
DA:171,13
DA:173,0
DA:177,8
DA:178,4
DA:182,9
LF:47
LH:45
BRDA:52,0,0,2
BRDA:52,0,1,8
BRDA:70,1,0,6
BRDA:70,1,1,2
BRDA:84,2,0,6
BRDA:84,2,1,0
BRDA:94,3,0,6
BRDA:94,3,1,0
BRDA:110,4,0,2
BRDA:110,4,1,0
BRDA:116,5,0,2
BRDA:116,5,1,0
BRDA:126,6,0,2
BRDA:126,6,1,0
BRDA:136,7,0,2
BRDA:136,7,1,0
BRDA:169,8,0,13
BRDA:169,8,1,0
BRDA:177,9,0,4
BRDA:177,9,1,4
BRF:20
BRH:13
end_of_record
TN:
SF:services\reminderQueue.service.js
FN:35,getReminderQueue
FN:59,scheduleReminder
FN:83,cancelReminder
FN:107,reconcilePendingReminders
FN:134,closeReminderQueue
FNF:5
FNH:0
FNDA:0,getReminderQueue
FNDA:0,scheduleReminder
FNDA:0,cancelReminder
FNDA:0,reconcilePendingReminders
FNDA:0,closeReminderQueue
DA:21,0
DA:22,0
DA:23,0
DA:24,0
DA:26,0
DA:28,0
DA:36,0
DA:37,0
DA:47,0
DA:49,0
DA:60,0
DA:62,0
DA:63,0
DA:65,0
DA:74,0
DA:84,0
DA:85,0
DA:86,0
DA:87,0
DA:88,0
DA:89,0
DA:92,0
DA:108,0
DA:112,0
DA:113,0
DA:114,0
DA:117,0
DA:118,0
DA:119,0
DA:120,0
DA:121,0
DA:123,0
DA:127,0
DA:128,0
DA:135,0
DA:136,0
DA:137,0
DA:138,0
DA:142,0
LF:39
LH:0
BRDA:36,0,0,0
BRDA:36,0,1,0
BRDA:59,1,0,0
BRDA:60,2,0,0
BRDA:60,2,1,0
BRDA:84,3,0,0
BRDA:84,3,1,0
BRDA:87,4,0,0
BRDA:87,4,1,0
BRDA:112,5,0,0
BRDA:112,5,1,0
BRDA:135,6,0,0
BRDA:135,6,1,0
BRF:13
BRH:0
end_of_record
TN:
SF:services\reminderWorker.service.js
FN:26,formatReminderMessage
FN:101,processReminderJob
FN:169,startReminderWorker
FN:177,(anonymous_3)
FN:180,(anonymous_4)
FN:191,stopReminderWorker
FNF:6
FNH:2
FNDA:2,formatReminderMessage
FNDA:6,processReminderJob
FNDA:0,startReminderWorker
FNDA:0,(anonymous_3)
FNDA:0,(anonymous_4)
FNDA:0,stopReminderWorker
DA:15,1
DA:16,1
DA:17,1
DA:18,1
DA:19,1
DA:20,1
DA:21,1
DA:27,2
DA:28,2
DA:29,2
DA:30,2
DA:31,2
DA:33,2
DA:34,2
DA:36,2
DA:38,0
DA:39,0
DA:40,0
DA:42,1
DA:43,1
DA:44,1
DA:46,1
DA:47,1
DA:48,1
DA:50,0
DA:51,0
DA:52,0
DA:54,0
DA:55,0
DA:56,0
DA:59,2
DA:60,2
DA:61,0
DA:63,2
DA:66,2
DA:73,2
DA:84,2
DA:85,2
DA:88,2
DA:94,2
DA:102,6
DA:104,6
DA:105,6
DA:106,1
DA:107,1
DA:112,5
DA:113,1
DA:114,1
DA:118,4
DA:122,4
DA:123,1
DA:124,1
DA:125,1
DA:126,1
DA:129,3
DA:130,1
DA:131,1
DA:132,1
DA:133,1
DA:136,2
DA:137,1
DA:138,1
DA:139,1
DA:140,1
DA:144,1
DA:145,1
DA:148,1
DA:157,1
DA:158,1
DA:160,1
DA:163,1
DA:170,0
DA:172,0
DA:177,0
DA:178,0
DA:180,0
DA:181,0
DA:184,0
DA:185,0
DA:192,0
DA:193,0
DA:194,0
DA:195,0
DA:199,1
LF:84
LH:62
BRDA:36,0,0,0
BRDA:36,0,1,1
BRDA:36,0,2,1
BRDA:36,0,3,0
BRDA:36,0,4,0
BRDA:60,1,0,0
BRDA:60,1,1,2
BRDA:66,2,0,2
BRDA:66,2,1,0
BRDA:78,3,0,2
BRDA:78,3,1,0
BRDA:84,4,0,2
BRDA:84,4,1,0
BRDA:105,5,0,1
BRDA:105,5,1,5
BRDA:112,6,0,1
BRDA:112,6,1,4
BRDA:122,7,0,1
BRDA:122,7,1,3
BRDA:129,8,0,1
BRDA:129,8,1,2
BRDA:129,9,0,3
BRDA:129,9,1,2
BRDA:136,10,0,1
BRDA:136,10,1,1
BRDA:136,11,0,2
BRDA:136,11,1,1
BRDA:170,12,0,0
BRDA:170,12,1,0
BRDA:174,13,0,0
BRDA:174,13,1,0
BRDA:192,14,0,0
BRDA:192,14,1,0
BRF:33
BRH:20
end_of_record
TN:
SF:services\s3.service.js
FN:26,(anonymous_0)
FN:50,(anonymous_1)
FN:65,(anonymous_2)
FNF:3
FNH:0
FNDA:0,(anonymous_0)
FNDA:0,(anonymous_1)
FNDA:0,(anonymous_2)
DA:1,0
DA:2,0
DA:3,0
DA:4,0
DA:5,0
DA:7,0
DA:15,0
DA:26,0
DA:27,0
DA:28,0
DA:29,0
DA:30,0
DA:32,0
DA:41,0
DA:43,0
DA:50,0
DA:51,0
DA:65,0
DA:66,0
DA:67,0
DA:71,0
LF:21
LH:0
BRDA:26,0,0,0
BRDA:65,1,0,0
BRDA:66,2,0,0
BRDA:66,2,1,0
BRF:4
BRH:0
end_of_record
TN:
SF:services\watchRenewal.service.js
FN:31,renewWatch
FN:61,processWatchRenewals
FN:96,(anonymous_2)
FN:109,startWatchRenewalScheduler
FN:113,(anonymous_4)
FN:118,(anonymous_5)
FNF:6
FNH:3
FNDA:3,renewWatch
FNDA:2,processWatchRenewals
FNDA:1,(anonymous_2)
FNDA:0,startWatchRenewalScheduler
FNDA:0,(anonymous_4)
FNDA:0,(anonymous_5)
DA:14,1
DA:15,1
DA:16,1
DA:17,1
DA:20,1
DA:21,1
DA:22,1
DA:23,1
DA:32,3
DA:33,3
DA:34,2
DA:36,2
DA:45,2
DA:46,2
DA:47,2
DA:49,2
DA:50,2
DA:52,1
DA:53,1
DA:62,2
DA:63,2
DA:70,2
DA:80,2
DA:81,1
DA:82,1
DA:85,1
DA:87,1
DA:88,1
DA:90,1
DA:91,1
DA:92,1
DA:93,0
DA:96,1
DA:99,1
DA:101,0
DA:110,0
DA:113,0
DA:114,0
DA:118,0
DA:119,0
DA:120,0
DA:121,0
DA:123,0
DA:128,1
LF:44
LH:34
BRDA:80,0,0,1
BRDA:80,0,1,1
BRDA:92,1,0,1
BRDA:92,1,1,0
BRF:4
BRH:3
end_of_record
TN:
SF:services\kafka\dlq.handler.js
FN:21,sendToDLQ
FNF:1
FNH:1
FNDA:7,sendToDLQ
DA:9,1
DA:10,1
DA:11,1
DA:22,7
DA:26,7
DA:28,7
DA:29,6
DA:46,6
DA:54,5
DA:57,2
DA:58,2
DA:62,1
LF:12
LH:12
BRDA:22,0,0,6
BRDA:22,0,1,1
BRDA:33,1,0,6
BRDA:33,1,1,1
BRDA:51,2,0,6
BRDA:51,2,1,1
BRF:6
BRH:6
end_of_record
TN:
SF:services\kafka\emailClassification.consumer.js
FN:59,processDeadlineEmail
FN:88,processEmailMessage
FN:137,(anonymous_2)
FN:180,(anonymous_3)
FN:190,startEmailClassificationConsumer
FN:202,(anonymous_5)
FNF:6
FNH:0
FNDA:0,processDeadlineEmail
FNDA:0,processEmailMessage
FNDA:0,(anonymous_2)
FNDA:0,(anonymous_3)
FNDA:0,startEmailClassificationConsumer
FNDA:0,(anonymous_5)
DA:12,5
DA:13,5
DA:14,5
DA:15,5
DA:16,5
DA:17,5
DA:20,5
DA:21,5
DA:22,5
DA:23,5
DA:25,5
DA:26,5
DA:27,5
DA:28,5
DA:31,5
DA:39,5
DA:60,0
DA:61,0
DA:62,0
DA:65,0
DA:68,0
DA:69,0
DA:79,0
DA:82,0
DA:99,0
DA:101,0
DA:103,0
DA:104,0
DA:106,0
DA:107,0
DA:109,0
DA:112,0
DA:113,0
DA:114,0
DA:118,0
DA:119,0
DA:120,0
DA:121,0
DA:125,0
DA:127,0
DA:137,0
DA:145,0
DA:146,0
DA:151,0
DA:154,0
DA:155,0
DA:158,0
DA:160,0
DA:162,0
DA:163,0
DA:166,0
DA:167,0
DA:168,0
DA:174,0
DA:178,0
DA:179,0
DA:180,0
DA:191,0
DA:193,0
DA:194,0
DA:199,0
DA:201,0
DA:203,0
DA:204,0
DA:205,0
DA:207,0
DA:212,0
DA:215,5
LF:68
LH:17
BRDA:60,0,0,0
BRDA:60,0,1,0
BRDA:61,1,0,0
BRDA:61,1,1,0
BRDA:61,2,0,0
BRDA:61,2,1,0
BRDA:75,3,0,0
BRDA:75,3,1,0
BRDA:101,4,0,0
BRDA:101,4,1,0
BRDA:112,5,0,0
BRDA:112,5,1,0
BRDA:119,6,0,0
BRDA:119,6,1,0
BRDA:136,7,0,0
BRDA:136,7,1,0
BRDA:137,8,0,0
BRDA:137,8,1,0
BRDA:145,9,0,0
BRDA:145,9,1,0
BRDA:145,10,0,0
BRDA:145,10,1,0
BRDA:160,11,0,0
BRDA:160,11,1,0
BRDA:166,12,0,0
BRDA:166,12,1,0
BRF:26
BRH:0
end_of_record
TN:
SF:services\kafka\emailClassification.producer.js
FN:28,produceEmailForClassification
FNF:1
FNH:1
FNDA:7,produceEmailForClassification
DA:11,2
DA:12,2
DA:29,7
DA:31,7
DA:46,7
DA:49,2
LF:6
LH:6
BRF:0
BRH:0
end_of_record
TN:
SF:services\kafka\whatsappMessage.consumer.js
FN:34,processWhatsAppMessage
FN:49,(anonymous_1)
FN:99,(anonymous_2)
FN:107,startWhatsAppMessageConsumer
FN:119,(anonymous_4)
FNF:5
FNH:4
FNDA:2,processWhatsAppMessage
FNDA:2,(anonymous_1)
FNDA:0,(anonymous_2)
FNDA:3,startWhatsAppMessageConsumer
FNDA:3,(anonymous_4)
DA:11,1
DA:12,1
DA:13,1
DA:14,1
DA:15,1
DA:16,1
DA:18,1
DA:19,1
DA:20,1
DA:21,1
DA:24,1
DA:42,2
DA:44,2
DA:46,2
DA:47,2
DA:49,2
DA:50,2
DA:57,2
DA:59,2
DA:64,2
DA:65,2
DA:68,0
DA:71,0
DA:73,0
DA:74,0
DA:77,0
DA:78,0
DA:83,0
DA:87,0
DA:93,0
DA:97,0
DA:98,0
DA:99,0
DA:108,3
DA:110,3
DA:111,3
DA:116,3
DA:118,3
DA:120,3
DA:121,3
DA:122,2
DA:124,1
DA:129,3
DA:132,1
LF:44
LH:32
BRDA:18,0,0,1
BRDA:18,0,1,1
BRDA:44,1,0,2
BRDA:44,1,1,2
BRDA:57,2,0,2
BRDA:57,2,1,0
BRDA:68,3,0,0
BRDA:68,3,1,0
BRDA:73,4,0,0
BRDA:73,4,1,0
BRF:10
BRH:5
end_of_record
TN:
SF:services\kafka\whatsappMessage.producer.js
FN:23,produceWhatsAppMessage
FNF:1
FNH:0
FNDA:0,produceWhatsAppMessage
DA:9,0
DA:10,0
DA:24,0
DA:26,0
DA:40,0
DA:43,0
LF:6
LH:0
BRF:0
BRH:0
end_of_record
TN:
SF:utils\AppError.js
FN:22,(anonymous_0)
FNF:1
FNH:1
FNDA:9,(anonymous_0)
DA:23,9
DA:25,9
DA:26,9
DA:27,9
DA:30,9
DA:34,1
LF:6
LH:6
BRDA:26,0,0,7
BRDA:26,0,1,2
BRF:2
BRH:2
end_of_record
TN:
SF:utils\apiResponse.js
FN:21,sendSuccess
FN:34,sendPaginated
FN:50,sendError
FNF:3
FNH:3
FNDA:9,sendSuccess
FNDA:7,sendPaginated
FNDA:13,sendError
DA:22,9
DA:23,9
DA:24,9
DA:35,7
DA:51,13
DA:55,13
DA:56,13
DA:59,14
LF:8
LH:8
BRDA:21,0,0,6
BRDA:23,1,0,3
BRDA:23,1,1,6
BRDA:34,2,0,1
BRDA:50,3,0,12
BRDA:52,4,0,12
BRDA:52,4,1,1
BRDA:55,5,0,1
BRDA:55,5,1,12
BRF:9
BRH:9
end_of_record
TN:
SF:utils\asyncHandler.js
FN:12,(anonymous_0)
FN:12,(anonymous_1)
FNF:2
FNH:2
FNDA:82,(anonymous_0)
FNDA:23,(anonymous_1)
DA:12,82
DA:13,23
DA:16,14
LF:3
LH:3
BRF:0
BRH:0
end_of_record
TN:
SF:utils\auth.js
FN:15,(anonymous_0)
FN:24,(anonymous_1)
FNF:2
FNH:2
FNDA:4,(anonymous_0)
FNDA:3,(anonymous_1)
DA:8,13
DA:15,13
DA:16,4
DA:24,13
DA:25,3
DA:33,13
LF:6
LH:6
BRDA:28,0,0,0
BRDA:28,0,1,3
BRF:2
BRH:1
end_of_record
TN:
SF:utils\circuitBreaker.js
FN:31,(anonymous_0)
FN:54,(anonymous_1)
FN:78,(anonymous_2)
FN:93,(anonymous_3)
FN:108,(anonymous_4)
FNF:5
FNH:5
FNDA:9,(anonymous_0)
FNDA:24,(anonymous_1)
FNDA:5,(anonymous_2)
FNDA:18,(anonymous_3)
FNDA:5,(anonymous_4)
DA:15,1
DA:17,1
DA:37,9
DA:38,9
DA:39,9
DA:40,9
DA:42,9
DA:43,9
DA:44,9
DA:45,9
DA:55,24
DA:56,4
DA:57,1
DA:63,3
DA:64,3
DA:65,3
DA:68,23
DA:69,23
DA:70,5
DA:71,5
DA:73,18
DA:74,18
DA:79,5
DA:80,3
DA:81,3
DA:82,1
DA:83,1
DA:84,1
DA:85,1
DA:89,2
DA:94,18
DA:96,18
DA:97,6
DA:98,6
DA:99,6
DA:109,5
DA:118,1
LF:37
LH:37
BRDA:33,0,0,0
BRDA:34,1,0,0
BRDA:35,2,0,0
BRDA:55,3,0,4
BRDA:55,3,1,20
BRDA:56,4,0,1
BRDA:56,4,1,3
BRDA:79,5,0,3
BRDA:79,5,1,2
BRDA:81,6,0,1
BRDA:81,6,1,2
BRDA:96,7,0,6
BRDA:96,7,1,12
BRDA:96,8,0,18
BRDA:96,8,1,17
BRDA:113,9,0,2
BRDA:113,9,1,3
BRF:17
BRH:14
end_of_record
TN:
SF:utils\crypto.js
FN:49,(anonymous_0)
FN:73,(anonymous_1)
FN:117,(anonymous_2)
FNF:3
FNH:3
FNDA:9,(anonymous_0)
FNDA:7,(anonymous_1)
FNDA:1,(anonymous_2)
DA:16,13
DA:17,13
DA:20,13
DA:21,13
DA:22,13
DA:23,13
DA:24,13
DA:25,13
DA:26,13
DA:29,13
DA:30,0
DA:31,0
DA:32,0
DA:33,0
DA:36,13
DA:49,13
DA:50,9
DA:51,9
DA:52,6
DA:53,6
DA:54,6
DA:55,6
DA:56,6
DA:58,6
DA:60,0
DA:61,0
DA:73,13
DA:74,7
DA:75,7
DA:78,5
DA:79,3
DA:80,3
DA:82,3
DA:83,3
DA:84,3
DA:86,3
DA:87,3
DA:88,3
DA:89,3
DA:91,3
DA:95,2
DA:96,1
DA:97,1
DA:98,1
DA:100,1
DA:101,0
DA:102,0
DA:104,0
DA:106,1
DA:107,1
DA:117,13
DA:118,1
LF:52
LH:43
BRDA:29,0,0,0
BRDA:29,0,1,13
BRDA:51,1,0,3
BRDA:51,1,1,6
BRDA:75,2,0,2
BRDA:75,2,1,5
BRDA:75,3,0,7
BRDA:75,3,1,5
BRDA:78,4,0,3
BRDA:78,4,1,2
BRDA:80,5,0,0
BRDA:80,5,1,3
BRDA:95,6,0,1
BRDA:95,6,1,1
BRF:14
BRH:12
end_of_record
TN:
SF:utils\emailParser.js
FN:17,extractBody
FN:28,collectParts
FN:43,(anonymous_2)
FN:49,(anonymous_3)
FN:55,(anonymous_4)
FNF:5
FNH:5
FNDA:8,extractBody
FNDA:5,collectParts
FNDA:5,(anonymous_2)
FNDA:2,(anonymous_3)
FNDA:1,(anonymous_4)
DA:18,8
DA:21,7
DA:22,1
DA:25,6
DA:29,5
DA:30,5
DA:31,7
DA:32,1
DA:34,6
DA:37,5
DA:40,4
DA:43,5
DA:44,4
DA:45,2
DA:49,2
DA:50,2
DA:51,1
DA:55,1
DA:56,1
DA:57,1
DA:60,0
DA:63,1
LF:22
LH:21
BRDA:17,0,0,5
BRDA:18,1,0,1
BRDA:18,1,1,7
BRDA:21,2,0,1
BRDA:21,2,1,6
BRDA:25,3,0,2
BRDA:25,3,1,4
BRDA:25,4,0,6
BRDA:25,4,1,5
BRDA:31,5,0,1
BRDA:31,5,1,6
BRDA:43,6,0,5
BRDA:43,6,1,2
BRDA:44,7,0,2
BRDA:44,7,1,2
BRDA:49,8,0,2
BRDA:49,8,1,1
BRDA:50,9,0,1
BRDA:50,9,1,1
BRDA:56,10,0,1
BRDA:56,10,1,0
BRF:21
BRH:20
end_of_record
TN:
SF:utils\joiSchemas.js
FN:140,validateBody
FN:141,(anonymous_1)
FNF:2
FNH:2
FNDA:4,validateBody
FNDA:4,(anonymous_1)
DA:15,1
DA:19,1
DA:26,1
DA:33,1
DA:40,1
DA:49,1
DA:141,4
DA:142,4
DA:148,4
DA:149,1
DA:150,1
DA:157,3
DA:158,3
DA:162,1
LF:14
LH:14
BRDA:148,0,0,1
BRDA:148,0,1,3
BRF:2
BRH:2
end_of_record
TN:
SF:utils\logger.js
FN:40,formatEntry
FN:59,(anonymous_1)
FN:71,(anonymous_2)
FN:83,(anonymous_3)
FN:95,(anonymous_4)
FNF:5
FNH:5
FNDA:12,formatEntry
FNDA:4,(anonymous_1)
FNDA:3,(anonymous_2)
FNDA:2,(anonymous_3)
FNDA:3,(anonymous_4)
DA:20,4
DA:29,4
DA:41,12
DA:42,12
DA:43,12
DA:44,2
DA:46,10
DA:47,2
DA:49,8
DA:52,4
DA:60,4
DA:61,4
DA:72,3
DA:73,3
DA:84,2
DA:85,2
DA:96,3
DA:97,3
DA:102,4
LF:19
LH:19
BRDA:29,0,0,4
BRDA:29,0,1,4
BRDA:30,1,0,0
BRDA:30,1,1,4
BRDA:43,2,0,2
BRDA:43,2,1,10
BRDA:44,3,0,2
BRDA:44,3,1,0
BRDA:46,4,0,2
BRDA:46,4,1,8
BRDA:47,5,0,1
BRDA:47,5,1,1
BRDA:60,6,0,4
BRDA:60,6,1,0
BRDA:72,7,0,3
BRDA:72,7,1,0
BRDA:84,8,0,2
BRDA:84,8,1,0
BRDA:96,9,0,3
BRDA:96,9,1,0
BRF:20
BRH:14
end_of_record
TN:
SF:utils\validators.js
FN:29,validateEmail
FN:45,validatePassword
FN:63,validateOtp
FN:79,validateRequiredFields
FN:93,(anonymous_4)
FN:97,(anonymous_5)
FN:98,(anonymous_6)
FN:99,(anonymous_7)
FN:100,(anonymous_8)
FN:104,(anonymous_9)
FN:105,(anonymous_10)
FN:109,(anonymous_11)
FN:113,(anonymous_12)
FN:114,(anonymous_13)
FN:118,(anonymous_14)
FN:119,(anonymous_15)
FN:132,validate
FN:133,(anonymous_17)
FNF:18
FNH:8
FNDA:13,validateEmail
FNDA:7,validatePassword
FNDA:9,validateOtp
FNDA:6,validateRequiredFields
FNDA:0,(anonymous_4)
FNDA:0,(anonymous_5)
FNDA:0,(anonymous_6)
FNDA:0,(anonymous_7)
FNDA:0,(anonymous_8)
FNDA:2,(anonymous_9)
FNDA:2,(anonymous_10)
FNDA:0,(anonymous_11)
FNDA:0,(anonymous_12)
FNDA:0,(anonymous_13)
FNDA:0,(anonymous_14)
FNDA:0,(anonymous_15)
FNDA:2,validate
FNDA:2,(anonymous_17)
DA:18,1
DA:19,1
DA:20,1
DA:30,13
DA:31,3
DA:33,10
DA:34,6
DA:36,4
DA:46,7
DA:47,2
DA:49,5
DA:50,3
DA:55,2
DA:64,9
DA:65,2
DA:67,7
DA:68,4
DA:70,3
DA:80,6
DA:81,11
DA:82,3
DA:85,3
DA:91,1
DA:93,0
DA:97,0
DA:98,0
DA:99,0
DA:100,0
DA:104,2
DA:105,2
DA:109,0
DA:113,0
DA:114,0
DA:118,0
DA:119,0
DA:133,2
DA:134,2
DA:135,4
DA:136,4
DA:137,1
DA:140,1
DA:144,1
LF:42
LH:32
BRDA:30,0,0,3
BRDA:30,0,1,10
BRDA:30,1,0,13
BRDA:30,1,1,10
BRDA:33,2,0,6
BRDA:33,2,1,4
BRDA:45,3,0,6
BRDA:46,4,0,2
BRDA:46,4,1,5
BRDA:46,5,0,7
BRDA:46,5,1,5
BRDA:49,6,0,3
BRDA:49,6,1,2
BRDA:64,7,0,2
BRDA:64,7,1,7
BRDA:64,8,0,9
BRDA:64,8,1,7
BRDA:67,9,0,4
BRDA:67,9,1,3
BRDA:81,10,0,3
BRDA:81,10,1,8
BRDA:81,11,0,11
BRDA:81,11,1,10
BRDA:81,11,2,9
BRDA:136,12,0,1
BRDA:136,12,1,3
BRF:26
BRH:26
end_of_record
